<?xml version="1.0" encoding="UTF-8"?>
<!-- Generated by org.testng.reporters.JUnitReportReporter -->
<testsuite hostname="DESKTOP-NB17RKO" failures="0" tests="1" name="SeleniumPractice.Screenshot" time="6.761" errors="0" timestamp="2024-10-02T23:50:15 IST" skipped="0">
  <testcase classname="SeleniumPractice.Screenshot" name="captureScreenShot" time="6.761"/>
  <system-out/>
</testsuite> <!-- SeleniumPractice.Screenshot -->
